<?xml version="1.0" encoding="UTF-8"?>
<testsuite name="model.book.BookRepositoryMySQLTest" tests="1" skipped="0" failures="0" errors="0" timestamp="2023-11-01T16:51:56" hostname="MARIA" time="0.183">
  <properties/>
  <testcase name="removeAll()" classname="model.book.BookRepositoryMySQLTest" time="0.183"/>
  <system-out><![CDATA[]]></system-out>
  <system-err><![CDATA[]]></system-err>
</testsuite>
