<?xml version="1.0" encoding="UTF-8"?>
<testsuite name="model.repositories.BookRepositoryMockTest" tests="1" skipped="0" failures="0" errors="0" timestamp="2023-11-12T19:40:25" hostname="MARIA" time="0.011">
  <properties/>
  <testcase name="findById()" classname="model.repositories.BookRepositoryMockTest" time="0.011"/>
  <system-out><![CDATA[]]></system-out>
  <system-err><![CDATA[]]></system-err>
</testsuite>
